2022-11-11 08:29:18.9456 DEBUG Hosting starting
2022-11-11 08:29:19.1273 INFO User profile is available. Using 'C:\Users\prati\AppData\Local\ASP.NET\DataProtection-Keys' as key repository and Windows DPAPI to encrypt keys at rest.
2022-11-11 08:29:19.1458 DEBUG Reading data from file 'C:\Users\prati\AppData\Local\ASP.NET\DataProtection-Keys\key-35f23650-eba7-4e2c-85f3-af0f57058658.xml'.
2022-11-11 08:29:19.1622 DEBUG Found key {35f23650-eba7-4e2c-85f3-af0f57058658}.
2022-11-11 08:29:19.1622 DEBUG Considering key {35f23650-eba7-4e2c-85f3-af0f57058658} with expiration date 2023-01-19 06:10:20Z as default key.
2022-11-11 08:29:19.2415 DEBUG Forwarded activator type request from Microsoft.AspNetCore.DataProtection.XmlEncryption.DpapiXmlDecryptor, Microsoft.AspNetCore.DataProtection, Version=3.1.28.0, Culture=neutral, PublicKeyToken=adb9793829ddae60 to Microsoft.AspNetCore.DataProtection.XmlEncryption.DpapiXmlDecryptor, Microsoft.AspNetCore.DataProtection, Culture=neutral, PublicKeyToken=adb9793829ddae60
2022-11-11 08:29:19.2415 DEBUG Decrypting secret element using Windows DPAPI.
2022-11-11 08:29:19.2415 DEBUG Forwarded activator type request from Microsoft.AspNetCore.DataProtection.AuthenticatedEncryption.ConfigurationModel.AuthenticatedEncryptorDescriptorDeserializer, Microsoft.AspNetCore.DataProtection, Version=3.1.28.0, Culture=neutral, PublicKeyToken=adb9793829ddae60 to Microsoft.AspNetCore.DataProtection.AuthenticatedEncryption.ConfigurationModel.AuthenticatedEncryptorDescriptorDeserializer, Microsoft.AspNetCore.DataProtection, Culture=neutral, PublicKeyToken=adb9793829ddae60
2022-11-11 08:29:19.2415 DEBUG Opening CNG algorithm 'AES' from provider '(null)' with chaining mode CBC.
2022-11-11 08:29:19.2533 DEBUG Opening CNG algorithm 'SHA256' from provider '(null)' with HMAC.
2022-11-11 08:29:19.2533 DEBUG Using key {35f23650-eba7-4e2c-85f3-af0f57058658} as the default key.
2022-11-11 08:29:19.2533 DEBUG Key ring with default key {35f23650-eba7-4e2c-85f3-af0f57058658} was loaded during application startup.
2022-11-11 08:29:20.1139 DEBUG Loaded hosting startup assembly FundooNotes
2022-11-11 08:29:20.1139 DEBUG Loaded hosting startup assembly Microsoft.AspNetCore.Watch.BrowserRefresh
2022-11-11 08:29:20.1139 DEBUG Loaded hosting startup assembly Microsoft.WebTools.BrowserLink.Net
2022-11-11 08:29:20.1157 INFO Application started. Press Ctrl+C to shut down.
2022-11-11 08:29:20.1157 INFO Hosting environment: Development
2022-11-11 08:29:20.1157 INFO Content root path: D:\pratik\FundooNotes
2022-11-11 08:29:20.1157 DEBUG Hosting started
2022-11-11 08:29:20.2041 INFO Request starting HTTP/2.0 GET https://localhost:44359/Swagger  
2022-11-11 08:29:20.2429 DEBUG Wildcard detected, all requests with hosts will be allowed.
2022-11-11 08:29:20.2429 TRACE All hosts are allowed.
2022-11-11 08:29:20.2806 DEBUG No candidates found for the request path '/Swagger'
2022-11-11 08:29:20.2806 DEBUG Request did not match any endpoints
2022-11-11 08:29:20.4167 DEBUG AuthenticationScheme: Bearer was not authenticated.
2022-11-11 08:29:20.4794 DEBUG Connection ID "18302628895028936760" disconnecting.
2022-11-11 08:29:20.4794 INFO Request starting HTTP/2.0 GET https://localhost:44359/Swagger/index.html  
2022-11-11 08:29:20.4794 TRACE All hosts are allowed.
2022-11-11 08:29:20.4794 INFO Request finished in 277.7836ms 301 
2022-11-11 08:29:20.4794 DEBUG No candidates found for the request path '/Swagger/index.html'
2022-11-11 08:29:20.4794 DEBUG Request did not match any endpoints
2022-11-11 08:29:20.4794 DEBUG AuthenticationScheme: Bearer was not authenticated.
2022-11-11 08:29:20.5694 DEBUG Response markup is scheduled to include browser refresh script injection.
2022-11-11 08:29:20.8411 DEBUG Response markup was updated to include browser refresh script injection.
2022-11-11 08:29:20.8411 INFO Request finished in 363.2483ms 200 text/html;charset=utf-8
2022-11-11 08:29:20.8498 INFO Request starting HTTP/2.0 GET https://localhost:44359/_framework/aspnetcore-browser-refresh.js  
2022-11-11 08:29:20.8498 INFO Request starting HTTP/2.0 GET https://localhost:44359/Swagger/swagger-ui.css  
2022-11-11 08:29:20.8498 INFO Request starting HTTP/2.0 GET https://localhost:44359/Swagger/swagger-ui-bundle.js  
2022-11-11 08:29:20.8498 INFO Request starting HTTP/2.0 GET https://localhost:44359/Swagger/swagger-ui-standalone-preset.js  
2022-11-11 08:29:20.8498 TRACE All hosts are allowed.
2022-11-11 08:29:20.8498 TRACE All hosts are allowed.
2022-11-11 08:29:20.8498 TRACE All hosts are allowed.
2022-11-11 08:29:20.8498 DEBUG No candidates found for the request path '/Swagger/swagger-ui.css'
2022-11-11 08:29:20.8498 DEBUG No candidates found for the request path '/Swagger/swagger-ui-standalone-preset.js'
2022-11-11 08:29:20.8498 DEBUG Request did not match any endpoints
2022-11-11 08:29:20.8498 DEBUG Request did not match any endpoints
2022-11-11 08:29:20.8498 DEBUG No candidates found for the request path '/Swagger/swagger-ui-bundle.js'
2022-11-11 08:29:20.8498 DEBUG Request did not match any endpoints
2022-11-11 08:29:20.8498 DEBUG AuthenticationScheme: Bearer was not authenticated.
2022-11-11 08:29:20.8498 DEBUG AuthenticationScheme: Bearer was not authenticated.
2022-11-11 08:29:20.8498 DEBUG AuthenticationScheme: Bearer was not authenticated.
2022-11-11 08:29:20.8498 INFO Request finished in 4.6918ms 200 application/javascript; charset=utf-8
2022-11-11 08:29:20.8498 TRACE Range header's value is empty.
2022-11-11 08:29:20.8498 TRACE Range header's value is empty.
2022-11-11 08:29:20.8498 TRACE Range header's value is empty.
2022-11-11 08:29:20.8823 INFO Sending file. Request path: '/swagger-ui.css'. Physical path: 'N/A'
2022-11-11 08:29:20.8823 INFO Sending file. Request path: '/swagger-ui-standalone-preset.js'. Physical path: 'N/A'
2022-11-11 08:29:20.8823 INFO Request finished in 32.6073ms 200 text/css
2022-11-11 08:29:20.8823 INFO Request finished in 32.5447ms 200 application/javascript
2022-11-11 08:29:20.8823 INFO Sending file. Request path: '/swagger-ui-bundle.js'. Physical path: 'N/A'
2022-11-11 08:29:20.8823 INFO Request finished in 39.7801ms 200 application/javascript
2022-11-11 08:29:20.9164 INFO Request starting HTTP/2.0 GET https://localhost:44359/_vs/browserLink  
2022-11-11 08:29:20.9942 INFO Request finished in 77.8738ms 200 text/javascript; charset=UTF-8
2022-11-11 08:29:21.3908 INFO Request starting HTTP/2.0 GET https://localhost:44359/swagger/v1/swagger.json  
2022-11-11 08:29:21.3908 TRACE All hosts are allowed.
2022-11-11 08:29:21.3908 DEBUG No candidates found for the request path '/swagger/v1/swagger.json'
2022-11-11 08:29:21.3908 DEBUG Request did not match any endpoints
2022-11-11 08:29:21.3908 DEBUG AuthenticationScheme: Bearer was not authenticated.
2022-11-11 08:29:21.5304 INFO Request finished in 139.8473ms 200 application/json;charset=utf-8
2022-11-11 08:34:40.9209 INFO Request starting HTTP/2.0 POST https://localhost:44359/api/Users/Register application/json 111
2022-11-11 08:34:40.9440 TRACE All hosts are allowed.
2022-11-11 08:34:40.9952 DEBUG 1 candidate(s) found for the request path '/api/Users/Register'
2022-11-11 08:34:40.9952 DEBUG Endpoint 'FundooNotes.Controllers.UsersController.AddUser (FundooNotes)' with route pattern 'api/Users/Register' is valid for the request path '/api/Users/Register'
2022-11-11 08:34:41.0054 DEBUG Request matched endpoint 'FundooNotes.Controllers.UsersController.AddUser (FundooNotes)'
2022-11-11 08:34:41.0054 DEBUG AuthenticationScheme: Bearer was not authenticated.
2022-11-11 08:34:41.0225 DEBUG Static files was skipped as the request already matched an endpoint.
2022-11-11 08:34:41.0225 INFO Executing endpoint 'FundooNotes.Controllers.UsersController.AddUser (FundooNotes)'
2022-11-11 08:34:41.0704 DEBUG Registered model binder providers, in the following order: Microsoft.AspNetCore.Mvc.ModelBinding.Binders.BinderTypeModelBinderProvider, Microsoft.AspNetCore.Mvc.ModelBinding.Binders.ServicesModelBinderProvider, Microsoft.AspNetCore.Mvc.ModelBinding.Binders.BodyModelBinderProvider, Microsoft.AspNetCore.Mvc.ModelBinding.Binders.HeaderModelBinderProvider, Microsoft.AspNetCore.Mvc.ModelBinding.Binders.FloatingPointTypeModelBinderProvider, Microsoft.AspNetCore.Mvc.ModelBinding.Binders.EnumTypeModelBinderProvider, Microsoft.AspNetCore.Mvc.ModelBinding.Binders.SimpleTypeModelBinderProvider, Microsoft.AspNetCore.Mvc.ModelBinding.Binders.CancellationTokenModelBinderProvider, Microsoft.AspNetCore.Mvc.ModelBinding.Binders.ByteArrayModelBinderProvider, Microsoft.AspNetCore.Mvc.ModelBinding.Binders.FormFileModelBinderProvider, Microsoft.AspNetCore.Mvc.ModelBinding.Binders.FormCollectionModelBinderProvider, Microsoft.AspNetCore.Mvc.ModelBinding.Binders.KeyValuePairModelBinderProvider, Microsoft.AspNetCore.Mvc.ModelBinding.Binders.DictionaryModelBinderProvider, Microsoft.AspNetCore.Mvc.ModelBinding.Binders.ArrayModelBinderProvider, Microsoft.AspNetCore.Mvc.ModelBinding.Binders.CollectionModelBinderProvider, Microsoft.AspNetCore.Mvc.ModelBinding.Binders.ComplexTypeModelBinderProvider
2022-11-11 08:34:41.1469 INFO Route matched with {action = "AddUser", controller = "Users"}. Executing controller action with signature Microsoft.AspNetCore.Mvc.IActionResult AddUser(CommonLayer.Models.UserRegistration) on controller FundooNotes.Controllers.UsersController (FundooNotes).
2022-11-11 08:34:41.1469 DEBUG Execution plan of authorization filters (in the following order): None
2022-11-11 08:34:41.1469 DEBUG Execution plan of resource filters (in the following order): None
2022-11-11 08:34:41.1469 DEBUG Execution plan of action filters (in the following order): Microsoft.AspNetCore.Mvc.ModelBinding.UnsupportedContentTypeFilter (Order: -3000), Microsoft.AspNetCore.Mvc.Infrastructure.ModelStateInvalidFilter (Order: -2000)
2022-11-11 08:34:41.1469 DEBUG Execution plan of exception filters (in the following order): None
2022-11-11 08:34:41.1469 DEBUG Execution plan of result filters (in the following order): Microsoft.AspNetCore.Mvc.Infrastructure.ClientErrorResultFilter (Order: -2000)
2022-11-11 08:34:41.1469 DEBUG Executing controller factory for controller FundooNotes.Controllers.UsersController (FundooNotes)
2022-11-11 08:34:41.4027 DEBUG An 'IServiceProvider' was created for internal use by Entity Framework.
2022-11-11 08:34:41.4297 DEBUG Executed controller factory for controller FundooNotes.Controllers.UsersController (FundooNotes)
2022-11-11 08:34:41.4420 DEBUG Attempting to bind parameter 'userRegistration' of type 'CommonLayer.Models.UserRegistration' ...
2022-11-11 08:34:41.4420 DEBUG Attempting to bind parameter 'userRegistration' of type 'CommonLayer.Models.UserRegistration' using the name '' in request data ...
2022-11-11 08:34:41.4420 DEBUG Selected input formatter 'Microsoft.AspNetCore.Mvc.Formatters.SystemTextJsonInputFormatter' for content type 'application/json'.
2022-11-11 08:34:41.4724 DEBUG JSON input formatter succeeded, deserializing to type 'CommonLayer.Models.UserRegistration'
2022-11-11 08:34:41.4724 DEBUG Done attempting to bind parameter 'userRegistration' of type 'CommonLayer.Models.UserRegistration'.
2022-11-11 08:34:41.4724 DEBUG Done attempting to bind parameter 'userRegistration' of type 'CommonLayer.Models.UserRegistration'.
2022-11-11 08:34:41.4724 DEBUG Attempting to validate the bound parameter 'userRegistration' of type 'CommonLayer.Models.UserRegistration' ...
2022-11-11 08:34:41.4724 DEBUG Done attempting to validate the bound parameter 'userRegistration' of type 'CommonLayer.Models.UserRegistration'.
2022-11-11 08:34:41.4724 TRACE Action Filter: Before executing OnActionExecuting on filter Microsoft.AspNetCore.Mvc.ModelBinding.UnsupportedContentTypeFilter.
2022-11-11 08:34:41.4724 TRACE Action Filter: After executing OnActionExecuting on filter Microsoft.AspNetCore.Mvc.ModelBinding.UnsupportedContentTypeFilter.
2022-11-11 08:34:41.4724 TRACE Action Filter: Before executing OnActionExecuting on filter Microsoft.AspNetCore.Mvc.Infrastructure.ModelStateInvalidFilter.
2022-11-11 08:34:41.4724 TRACE Action Filter: After executing OnActionExecuting on filter Microsoft.AspNetCore.Mvc.Infrastructure.ModelStateInvalidFilter.
2022-11-11 08:34:41.4858 INFO Executing action method FundooNotes.Controllers.UsersController.AddUser (FundooNotes) - Validation state: Valid
2022-11-11 08:34:41.4858 TRACE Executing action method FundooNotes.Controllers.UsersController.AddUser (FundooNotes) with arguments (CommonLayer.Models.UserRegistration)
2022-11-11 08:34:42.1140 INFO Entity Framework Core 3.1.0 initialized 'UserContext' using provider 'Microsoft.EntityFrameworkCore.SqlServer' with options: None
2022-11-11 08:34:42.1512 DEBUG 'UserContext' generated a temporary value for the 'UserId' property of new 'UserEntity' entity. Consider using 'DbContextOptionsBuilder.EnableSensitiveDataLogging' to see key values.
2022-11-11 08:34:42.2073 DEBUG Context 'UserContext' started tracking 'UserEntity' entity. Consider using 'DbContextOptionsBuilder.EnableSensitiveDataLogging' to see key values.
2022-11-11 08:34:42.2073 DEBUG SaveChanges starting for 'UserContext'.
2022-11-11 08:34:42.2073 DEBUG DetectChanges starting for 'UserContext'.
2022-11-11 08:34:42.2073 DEBUG DetectChanges completed for 'UserContext'.
2022-11-11 08:34:42.4170 DEBUG Opening connection to database 'FundooNotes' on server 'LAPTOP-6JI8E5DE\SQLEXPRESS'.
2022-11-11 08:34:43.4968 DEBUG Opened connection to database 'FundooNotes' on server 'LAPTOP-6JI8E5DE\SQLEXPRESS'.
2022-11-11 08:34:43.4968 DEBUG Beginning transaction with isolation level 'Unspecified'.
2022-11-11 08:34:43.5148 DEBUG Began transaction with isolation level 'ReadCommitted'.
2022-11-11 08:34:43.5684 DEBUG Creating DbCommand for 'ExecuteReader'.
2022-11-11 08:34:43.5684 DEBUG Created DbCommand for 'ExecuteReader' (4ms).
2022-11-11 08:34:43.6083 DEBUG Executing DbCommand [Parameters=[@p0='?' (Size = 4000), @p1='?' (Size = 4000), @p2='?' (Size = 4000), @p3='?' (Size = 4000)], CommandType='Text', CommandTimeout='30']
SET NOCOUNT ON;
INSERT INTO [Users] ([Email], [FirstName], [LastName], [Password])
VALUES (@p0, @p1, @p2, @p3);
SELECT [UserId]
FROM [Users]
WHERE @@ROWCOUNT = 1 AND [UserId] = scope_identity();
2022-11-11 08:34:43.7691 INFO Executed DbCommand (179ms) [Parameters=[@p0='?' (Size = 4000), @p1='?' (Size = 4000), @p2='?' (Size = 4000), @p3='?' (Size = 4000)], CommandType='Text', CommandTimeout='30']
SET NOCOUNT ON;
INSERT INTO [Users] ([Email], [FirstName], [LastName], [Password])
VALUES (@p0, @p1, @p2, @p3);
SELECT [UserId]
FROM [Users]
WHERE @@ROWCOUNT = 1 AND [UserId] = scope_identity();
2022-11-11 08:34:43.7917 DEBUG Foreign key property 'UserEntity.UserId' detected as changed. Consider using 'DbContextOptionsBuilder.EnableSensitiveDataLogging' to see property values.
2022-11-11 08:34:43.8001 DEBUG A data reader was disposed.
2022-11-11 08:34:43.8001 DEBUG Committing transaction.
2022-11-11 08:34:43.8001 DEBUG Committing transaction.
2022-11-11 08:34:43.8001 DEBUG Closing connection to database 'FundooNotes' on server 'LAPTOP-6JI8E5DE\SQLEXPRESS'.
2022-11-11 08:34:43.8001 DEBUG Closed connection to database 'FundooNotes' on server 'LAPTOP-6JI8E5DE\SQLEXPRESS'.
2022-11-11 08:34:43.8001 DEBUG Disposing transaction.
2022-11-11 08:34:43.8199 DEBUG An 'UserEntity' entity tracked by 'UserContext' changed from 'Added' to 'Unchanged'. Consider using 'DbContextOptionsBuilder.EnableSensitiveDataLogging' to see key values.
2022-11-11 08:34:43.8199 DEBUG SaveChanges completed for 'UserContext' with 1 entities written to the database.
2022-11-11 08:34:43.8199 INFO Registration is sucess
2022-11-11 08:34:43.8199 INFO Executed action method FundooNotes.Controllers.UsersController.AddUser (FundooNotes), returned result Microsoft.AspNetCore.Mvc.OkObjectResult in 2336.439ms.
2022-11-11 08:34:43.8199 TRACE Action Filter: Before executing OnActionExecuted on filter Microsoft.AspNetCore.Mvc.Infrastructure.ModelStateInvalidFilter.
2022-11-11 08:34:43.8199 TRACE Action Filter: After executing OnActionExecuted on filter Microsoft.AspNetCore.Mvc.Infrastructure.ModelStateInvalidFilter.
2022-11-11 08:34:43.8199 TRACE Action Filter: Before executing OnActionExecuted on filter Microsoft.AspNetCore.Mvc.ModelBinding.UnsupportedContentTypeFilter.
2022-11-11 08:34:43.8199 TRACE Action Filter: After executing OnActionExecuted on filter Microsoft.AspNetCore.Mvc.ModelBinding.UnsupportedContentTypeFilter.
2022-11-11 08:34:43.8199 TRACE Result Filter: Before executing OnResultExecuting on filter Microsoft.AspNetCore.Mvc.Infrastructure.ClientErrorResultFilter.
2022-11-11 08:34:43.8199 TRACE Result Filter: After executing OnResultExecuting on filter Microsoft.AspNetCore.Mvc.Infrastructure.ClientErrorResultFilter.
2022-11-11 08:34:43.8199 TRACE Before executing action result Microsoft.AspNetCore.Mvc.OkObjectResult.
2022-11-11 08:34:43.8313 DEBUG List of registered output formatters, in the following order: Microsoft.AspNetCore.Mvc.Formatters.HttpNoContentOutputFormatter, Microsoft.AspNetCore.Mvc.Formatters.StringOutputFormatter, Microsoft.AspNetCore.Mvc.Formatters.StreamOutputFormatter, Microsoft.AspNetCore.Mvc.Formatters.SystemTextJsonOutputFormatter
2022-11-11 08:34:43.8313 DEBUG No information found on request to perform content negotiation.
2022-11-11 08:34:43.8313 DEBUG Attempting to select an output formatter without using a content type as no explicit content types were specified for the response.
2022-11-11 08:34:43.8313 DEBUG Attempting to select the first formatter in the output formatters list which can write the result.
2022-11-11 08:34:43.8313 DEBUG Selected output formatter 'Microsoft.AspNetCore.Mvc.Formatters.SystemTextJsonOutputFormatter' and content type 'application/json' to write the response.
2022-11-11 08:34:43.8313 INFO Executing ObjectResult, writing value of type '<>f__AnonymousType0`3[[System.Boolean, System.Private.CoreLib, Version=4.0.0.0, Culture=neutral, PublicKeyToken=7cec85d7bea7798e],[System.String, System.Private.CoreLib, Version=4.0.0.0, Culture=neutral, PublicKeyToken=7cec85d7bea7798e],[RepositoryLayer.Entity.UserEntity, RepositoryLayer, Version=1.0.0.0, Culture=neutral, PublicKeyToken=null]]'.
2022-11-11 08:34:43.8506 TRACE After executing action result Microsoft.AspNetCore.Mvc.OkObjectResult.
2022-11-11 08:34:43.8506 TRACE Result Filter: Before executing OnResultExecuted on filter Microsoft.AspNetCore.Mvc.Infrastructure.ClientErrorResultFilter.
2022-11-11 08:34:43.8506 TRACE Result Filter: After executing OnResultExecuted on filter Microsoft.AspNetCore.Mvc.Infrastructure.ClientErrorResultFilter.
2022-11-11 08:34:43.8506 INFO Executed action FundooNotes.Controllers.UsersController.AddUser (FundooNotes) in 2700.0067ms
2022-11-11 08:34:43.8506 INFO Executed endpoint 'FundooNotes.Controllers.UsersController.AddUser (FundooNotes)'
2022-11-11 08:34:43.8506 DEBUG 'UserContext' disposed.
2022-11-11 08:34:43.8506 INFO Request finished in 2968.6795ms 200 application/json; charset=utf-8
2022-11-11 08:35:09.7761 INFO Request starting HTTP/2.0 POST https://localhost:44359/api/Users/LoginUser application/json 59
2022-11-11 08:35:09.7761 TRACE All hosts are allowed.
2022-11-11 08:35:09.7761 DEBUG 1 candidate(s) found for the request path '/api/Users/LoginUser'
2022-11-11 08:35:09.7761 DEBUG Endpoint 'FundooNotes.Controllers.UsersController.LoginUser (FundooNotes)' with route pattern 'api/Users/LoginUser' is valid for the request path '/api/Users/LoginUser'
2022-11-11 08:35:09.7761 DEBUG Request matched endpoint 'FundooNotes.Controllers.UsersController.LoginUser (FundooNotes)'
2022-11-11 08:35:09.7761 DEBUG AuthenticationScheme: Bearer was not authenticated.
2022-11-11 08:35:09.7761 DEBUG Static files was skipped as the request already matched an endpoint.
2022-11-11 08:35:09.7761 INFO Executing endpoint 'FundooNotes.Controllers.UsersController.LoginUser (FundooNotes)'
2022-11-11 08:35:09.7863 INFO Route matched with {action = "LoginUser", controller = "Users"}. Executing controller action with signature Microsoft.AspNetCore.Mvc.IActionResult LoginUser(CommonLayer.Models.LoginUser) on controller FundooNotes.Controllers.UsersController (FundooNotes).
2022-11-11 08:35:09.7863 DEBUG Execution plan of authorization filters (in the following order): None
2022-11-11 08:35:09.7863 DEBUG Execution plan of resource filters (in the following order): None
2022-11-11 08:35:09.7863 DEBUG Execution plan of action filters (in the following order): Microsoft.AspNetCore.Mvc.ModelBinding.UnsupportedContentTypeFilter (Order: -3000), Microsoft.AspNetCore.Mvc.Infrastructure.ModelStateInvalidFilter (Order: -2000)
2022-11-11 08:35:09.7863 DEBUG Execution plan of exception filters (in the following order): None
2022-11-11 08:35:09.7863 DEBUG Execution plan of result filters (in the following order): Microsoft.AspNetCore.Mvc.Infrastructure.ClientErrorResultFilter (Order: -2000)
2022-11-11 08:35:09.7863 DEBUG Executing controller factory for controller FundooNotes.Controllers.UsersController (FundooNotes)
2022-11-11 08:35:09.7863 DEBUG Executed controller factory for controller FundooNotes.Controllers.UsersController (FundooNotes)
2022-11-11 08:35:09.8021 DEBUG Attempting to bind parameter 'loginUser' of type 'CommonLayer.Models.LoginUser' ...
2022-11-11 08:35:09.8268 DEBUG Attempting to bind parameter 'loginUser' of type 'CommonLayer.Models.LoginUser' using the name '' in request data ...
2022-11-11 08:35:09.8268 DEBUG Selected input formatter 'Microsoft.AspNetCore.Mvc.Formatters.SystemTextJsonInputFormatter' for content type 'application/json'.
2022-11-11 08:35:09.8268 DEBUG JSON input formatter succeeded, deserializing to type 'CommonLayer.Models.LoginUser'
2022-11-11 08:35:09.8309 DEBUG Done attempting to bind parameter 'loginUser' of type 'CommonLayer.Models.LoginUser'.
2022-11-11 08:35:09.8309 DEBUG Done attempting to bind parameter 'loginUser' of type 'CommonLayer.Models.LoginUser'.
2022-11-11 08:35:09.8309 DEBUG Attempting to validate the bound parameter 'loginUser' of type 'CommonLayer.Models.LoginUser' ...
2022-11-11 08:35:09.8309 DEBUG Done attempting to validate the bound parameter 'loginUser' of type 'CommonLayer.Models.LoginUser'.
2022-11-11 08:35:09.8309 TRACE Action Filter: Before executing OnActionExecuting on filter Microsoft.AspNetCore.Mvc.ModelBinding.UnsupportedContentTypeFilter.
2022-11-11 08:35:09.8309 TRACE Action Filter: After executing OnActionExecuting on filter Microsoft.AspNetCore.Mvc.ModelBinding.UnsupportedContentTypeFilter.
2022-11-11 08:35:09.8309 TRACE Action Filter: Before executing OnActionExecuting on filter Microsoft.AspNetCore.Mvc.Infrastructure.ModelStateInvalidFilter.
2022-11-11 08:35:09.8309 TRACE Action Filter: After executing OnActionExecuting on filter Microsoft.AspNetCore.Mvc.Infrastructure.ModelStateInvalidFilter.
2022-11-11 08:35:09.8309 INFO Executing action method FundooNotes.Controllers.UsersController.LoginUser (FundooNotes) - Validation state: Valid
2022-11-11 08:35:09.8309 TRACE Executing action method FundooNotes.Controllers.UsersController.LoginUser (FundooNotes) with arguments (CommonLayer.Models.LoginUser)
2022-11-11 08:35:09.8837 INFO Entity Framework Core 3.1.0 initialized 'UserContext' using provider 'Microsoft.EntityFrameworkCore.SqlServer' with options: None
2022-11-11 08:35:10.1067 DEBUG queryContext => new QueryingEnumerable<UserEntity>(
    (RelationalQueryContext)queryContext, 
    RelationalCommandCache, 
    null, 
    null, 
    Func<QueryContext, DbDataReader, ResultContext, int[], ResultCoordinator, UserEntity>, 
    RepositoryLayer.AppContext.UserContext, 
    DiagnosticsLogger<Query>
)
    .SingleOrDefault()
2022-11-11 08:35:10.1309 DEBUG Creating DbCommand for 'ExecuteReader'.
2022-11-11 08:35:10.1309 DEBUG Created DbCommand for 'ExecuteReader' (1ms).
2022-11-11 08:35:10.1309 DEBUG Opening connection to database 'FundooNotes' on server 'LAPTOP-6JI8E5DE\SQLEXPRESS'.
2022-11-11 08:35:10.1309 DEBUG Opened connection to database 'FundooNotes' on server 'LAPTOP-6JI8E5DE\SQLEXPRESS'.
2022-11-11 08:35:10.1309 DEBUG Executing DbCommand [Parameters=[@__loginUser_Email_0='?' (Size = 4000)], CommandType='Text', CommandTimeout='30']
SELECT TOP(1) [u].[UserId], [u].[Email], [u].[FirstName], [u].[LastName], [u].[Password]
FROM [Users] AS [u]
WHERE [u].[Email] = @__loginUser_Email_0
2022-11-11 08:35:10.1588 INFO Executed DbCommand (25ms) [Parameters=[@__loginUser_Email_0='?' (Size = 4000)], CommandType='Text', CommandTimeout='30']
SELECT TOP(1) [u].[UserId], [u].[Email], [u].[FirstName], [u].[LastName], [u].[Password]
FROM [Users] AS [u]
WHERE [u].[Email] = @__loginUser_Email_0
2022-11-11 08:35:10.1588 DEBUG Context 'UserContext' started tracking 'UserEntity' entity. Consider using 'DbContextOptionsBuilder.EnableSensitiveDataLogging' to see key values.
2022-11-11 08:35:10.1588 DEBUG A data reader was disposed.
2022-11-11 08:35:10.1588 DEBUG Closing connection to database 'FundooNotes' on server 'LAPTOP-6JI8E5DE\SQLEXPRESS'.
2022-11-11 08:35:10.1588 DEBUG Closed connection to database 'FundooNotes' on server 'LAPTOP-6JI8E5DE\SQLEXPRESS'.
2022-11-11 08:35:10.3849 INFO Login is sucess
2022-11-11 08:35:10.3849 INFO Executed action method FundooNotes.Controllers.UsersController.LoginUser (FundooNotes), returned result Microsoft.AspNetCore.Mvc.OkObjectResult in 552.9437ms.
2022-11-11 08:35:10.3849 TRACE Action Filter: Before executing OnActionExecuted on filter Microsoft.AspNetCore.Mvc.Infrastructure.ModelStateInvalidFilter.
2022-11-11 08:35:10.3849 TRACE Action Filter: After executing OnActionExecuted on filter Microsoft.AspNetCore.Mvc.Infrastructure.ModelStateInvalidFilter.
2022-11-11 08:35:10.3849 TRACE Action Filter: Before executing OnActionExecuted on filter Microsoft.AspNetCore.Mvc.ModelBinding.UnsupportedContentTypeFilter.
2022-11-11 08:35:10.3849 TRACE Action Filter: After executing OnActionExecuted on filter Microsoft.AspNetCore.Mvc.ModelBinding.UnsupportedContentTypeFilter.
2022-11-11 08:35:10.3849 TRACE Result Filter: Before executing OnResultExecuting on filter Microsoft.AspNetCore.Mvc.Infrastructure.ClientErrorResultFilter.
2022-11-11 08:35:10.3849 TRACE Result Filter: After executing OnResultExecuting on filter Microsoft.AspNetCore.Mvc.Infrastructure.ClientErrorResultFilter.
2022-11-11 08:35:10.3849 TRACE Before executing action result Microsoft.AspNetCore.Mvc.OkObjectResult.
2022-11-11 08:35:10.3849 DEBUG List of registered output formatters, in the following order: Microsoft.AspNetCore.Mvc.Formatters.HttpNoContentOutputFormatter, Microsoft.AspNetCore.Mvc.Formatters.StringOutputFormatter, Microsoft.AspNetCore.Mvc.Formatters.StreamOutputFormatter, Microsoft.AspNetCore.Mvc.Formatters.SystemTextJsonOutputFormatter
2022-11-11 08:35:10.3849 DEBUG No information found on request to perform content negotiation.
2022-11-11 08:35:10.3849 DEBUG Attempting to select an output formatter without using a content type as no explicit content types were specified for the response.
2022-11-11 08:35:10.3849 DEBUG Attempting to select the first formatter in the output formatters list which can write the result.
2022-11-11 08:35:10.3849 DEBUG Selected output formatter 'Microsoft.AspNetCore.Mvc.Formatters.SystemTextJsonOutputFormatter' and content type 'application/json' to write the response.
2022-11-11 08:35:10.3849 INFO Executing ObjectResult, writing value of type '<>f__AnonymousType6`3[[System.Boolean, System.Private.CoreLib, Version=4.0.0.0, Culture=neutral, PublicKeyToken=7cec85d7bea7798e],[System.String, System.Private.CoreLib, Version=4.0.0.0, Culture=neutral, PublicKeyToken=7cec85d7bea7798e],[System.String, System.Private.CoreLib, Version=4.0.0.0, Culture=neutral, PublicKeyToken=7cec85d7bea7798e]]'.
2022-11-11 08:35:10.3849 TRACE After executing action result Microsoft.AspNetCore.Mvc.OkObjectResult.
2022-11-11 08:35:10.3849 TRACE Result Filter: Before executing OnResultExecuted on filter Microsoft.AspNetCore.Mvc.Infrastructure.ClientErrorResultFilter.
2022-11-11 08:35:10.3849 TRACE Result Filter: After executing OnResultExecuted on filter Microsoft.AspNetCore.Mvc.Infrastructure.ClientErrorResultFilter.
2022-11-11 08:35:10.3849 INFO Executed action FundooNotes.Controllers.UsersController.LoginUser (FundooNotes) in 602.9942ms
2022-11-11 08:35:10.3849 INFO Executed endpoint 'FundooNotes.Controllers.UsersController.LoginUser (FundooNotes)'
2022-11-11 08:35:10.3849 DEBUG 'UserContext' disposed.
2022-11-11 08:35:10.3946 INFO Request finished in 621.7503ms 200 application/json; charset=utf-8
2022-11-11 08:48:16.8871 DEBUG Hosting starting
2022-11-11 08:48:17.0268 INFO User profile is available. Using 'C:\Users\prati\AppData\Local\ASP.NET\DataProtection-Keys' as key repository and Windows DPAPI to encrypt keys at rest.
2022-11-11 08:48:17.0493 DEBUG Reading data from file 'C:\Users\prati\AppData\Local\ASP.NET\DataProtection-Keys\key-35f23650-eba7-4e2c-85f3-af0f57058658.xml'.
2022-11-11 08:48:17.0661 DEBUG Found key {35f23650-eba7-4e2c-85f3-af0f57058658}.
2022-11-11 08:48:17.0661 DEBUG Considering key {35f23650-eba7-4e2c-85f3-af0f57058658} with expiration date 2023-01-19 06:10:20Z as default key.
2022-11-11 08:48:17.1657 DEBUG Forwarded activator type request from Microsoft.AspNetCore.DataProtection.XmlEncryption.DpapiXmlDecryptor, Microsoft.AspNetCore.DataProtection, Version=3.1.28.0, Culture=neutral, PublicKeyToken=adb9793829ddae60 to Microsoft.AspNetCore.DataProtection.XmlEncryption.DpapiXmlDecryptor, Microsoft.AspNetCore.DataProtection, Culture=neutral, PublicKeyToken=adb9793829ddae60
2022-11-11 08:48:17.1657 DEBUG Decrypting secret element using Windows DPAPI.
2022-11-11 08:48:17.1657 DEBUG Forwarded activator type request from Microsoft.AspNetCore.DataProtection.AuthenticatedEncryption.ConfigurationModel.AuthenticatedEncryptorDescriptorDeserializer, Microsoft.AspNetCore.DataProtection, Version=3.1.28.0, Culture=neutral, PublicKeyToken=adb9793829ddae60 to Microsoft.AspNetCore.DataProtection.AuthenticatedEncryption.ConfigurationModel.AuthenticatedEncryptorDescriptorDeserializer, Microsoft.AspNetCore.DataProtection, Culture=neutral, PublicKeyToken=adb9793829ddae60
2022-11-11 08:48:17.1763 DEBUG Opening CNG algorithm 'AES' from provider '(null)' with chaining mode CBC.
2022-11-11 08:48:17.1763 DEBUG Opening CNG algorithm 'SHA256' from provider '(null)' with HMAC.
2022-11-11 08:48:17.1763 DEBUG Using key {35f23650-eba7-4e2c-85f3-af0f57058658} as the default key.
2022-11-11 08:48:17.1763 DEBUG Key ring with default key {35f23650-eba7-4e2c-85f3-af0f57058658} was loaded during application startup.
2022-11-11 08:48:17.6632 DEBUG Loaded hosting startup assembly FundooNotes
2022-11-11 08:48:17.6632 DEBUG Loaded hosting startup assembly Microsoft.AspNetCore.Watch.BrowserRefresh
2022-11-11 08:48:17.6632 DEBUG Loaded hosting startup assembly Microsoft.WebTools.BrowserLink.Net
2022-11-11 08:48:17.6632 INFO Application started. Press Ctrl+C to shut down.
2022-11-11 08:48:17.6632 INFO Hosting environment: Development
2022-11-11 08:48:17.6632 INFO Content root path: D:\pratik\FundooNotes
2022-11-11 08:48:17.6632 DEBUG Hosting started
2022-11-11 08:48:17.7498 INFO Request starting HTTP/2.0 GET https://localhost:44359/Swagger/index.html  
2022-11-11 08:48:17.8045 DEBUG Wildcard detected, all requests with hosts will be allowed.
2022-11-11 08:48:17.8045 TRACE All hosts are allowed.
2022-11-11 08:48:17.8390 DEBUG No candidates found for the request path '/Swagger/index.html'
2022-11-11 08:48:17.8390 DEBUG Request did not match any endpoints
2022-11-11 08:48:18.0044 DEBUG AuthenticationScheme: Bearer was not authenticated.
2022-11-11 08:48:18.0905 DEBUG Response markup is scheduled to include browser refresh script injection.
2022-11-11 08:48:18.4292 DEBUG Response markup was updated to include browser refresh script injection.
2022-11-11 08:48:18.4292 INFO Request finished in 687.5119ms 200 text/html;charset=utf-8
2022-11-11 08:48:18.5529 INFO Request starting HTTP/2.0 GET https://localhost:44359/_framework/aspnetcore-browser-refresh.js  
2022-11-11 08:48:18.5529 INFO Request finished in 8.0347ms 200 application/javascript; charset=utf-8
2022-11-11 08:48:18.5941 INFO Request starting HTTP/2.0 GET https://localhost:44359/_vs/browserLink  
2022-11-11 08:48:18.6554 INFO Request finished in 61.1959ms 200 text/javascript; charset=UTF-8
2022-11-11 08:48:21.2465 INFO Request starting HTTP/2.0 GET https://localhost:44359/swagger/v1/swagger.json  
2022-11-11 08:48:21.2465 TRACE All hosts are allowed.
2022-11-11 08:48:21.2465 DEBUG No candidates found for the request path '/swagger/v1/swagger.json'
2022-11-11 08:48:21.2465 DEBUG Request did not match any endpoints
2022-11-11 08:48:21.2465 DEBUG AuthenticationScheme: Bearer was not authenticated.
2022-11-11 08:48:21.3802 INFO Request finished in 133.7459ms 200 application/json;charset=utf-8
