2022-11-02 19:52:02.1799 DEBUG Hosting starting
2022-11-02 19:52:02.2821 INFO User profile is available. Using 'C:\Users\prati\AppData\Local\ASP.NET\DataProtection-Keys' as key repository and Windows DPAPI to encrypt keys at rest.
2022-11-02 19:52:02.2821 DEBUG Reading data from file 'C:\Users\prati\AppData\Local\ASP.NET\DataProtection-Keys\key-35f23650-eba7-4e2c-85f3-af0f57058658.xml'.
2022-11-02 19:52:02.3108 DEBUG Found key {35f23650-eba7-4e2c-85f3-af0f57058658}.
2022-11-02 19:52:02.3205 DEBUG Considering key {35f23650-eba7-4e2c-85f3-af0f57058658} with expiration date 2023-01-19 06:10:20Z as default key.
2022-11-02 19:52:02.3638 DEBUG Forwarded activator type request from Microsoft.AspNetCore.DataProtection.XmlEncryption.DpapiXmlDecryptor, Microsoft.AspNetCore.DataProtection, Version=3.1.28.0, Culture=neutral, PublicKeyToken=adb9793829ddae60 to Microsoft.AspNetCore.DataProtection.XmlEncryption.DpapiXmlDecryptor, Microsoft.AspNetCore.DataProtection, Culture=neutral, PublicKeyToken=adb9793829ddae60
2022-11-02 19:52:02.3638 DEBUG Decrypting secret element using Windows DPAPI.
2022-11-02 19:52:02.3638 DEBUG Forwarded activator type request from Microsoft.AspNetCore.DataProtection.AuthenticatedEncryption.ConfigurationModel.AuthenticatedEncryptorDescriptorDeserializer, Microsoft.AspNetCore.DataProtection, Version=3.1.28.0, Culture=neutral, PublicKeyToken=adb9793829ddae60 to Microsoft.AspNetCore.DataProtection.AuthenticatedEncryption.ConfigurationModel.AuthenticatedEncryptorDescriptorDeserializer, Microsoft.AspNetCore.DataProtection, Culture=neutral, PublicKeyToken=adb9793829ddae60
2022-11-02 19:52:02.3638 DEBUG Opening CNG algorithm 'AES' from provider '(null)' with chaining mode CBC.
2022-11-02 19:52:02.3638 DEBUG Opening CNG algorithm 'SHA256' from provider '(null)' with HMAC.
2022-11-02 19:52:02.3638 DEBUG Using key {35f23650-eba7-4e2c-85f3-af0f57058658} as the default key.
2022-11-02 19:52:02.3638 DEBUG Key ring with default key {35f23650-eba7-4e2c-85f3-af0f57058658} was loaded during application startup.
2022-11-02 19:52:02.6779 DEBUG Loaded hosting startup assembly FundooNotes
2022-11-02 19:52:02.6779 DEBUG Loaded hosting startup assembly Microsoft.AspNetCore.Watch.BrowserRefresh
2022-11-02 19:52:02.6779 DEBUG Loaded hosting startup assembly Microsoft.WebTools.BrowserLink.Net
2022-11-02 19:52:02.6779 INFO Application started. Press Ctrl+C to shut down.
2022-11-02 19:52:02.6779 INFO Hosting environment: Development
2022-11-02 19:52:02.6779 INFO Content root path: D:\pratik\FundooNotes
2022-11-02 19:52:02.6779 DEBUG Hosting started
2022-11-02 19:52:02.7814 INFO Request starting HTTP/2.0 GET https://localhost:44359/Swagger/index.html  
2022-11-02 19:52:02.8263 DEBUG Wildcard detected, all requests with hosts will be allowed.
2022-11-02 19:52:02.8263 TRACE All hosts are allowed.
2022-11-02 19:52:02.8689 DEBUG No candidates found for the request path '/Swagger/index.html'
2022-11-02 19:52:02.8689 DEBUG Request did not match any endpoints
2022-11-02 19:52:03.0570 DEBUG AuthenticationScheme: Bearer was not authenticated.
2022-11-02 19:52:03.1113 DEBUG Response markup is scheduled to include browser refresh script injection.
2022-11-02 19:52:03.2968 DEBUG Response markup was updated to include browser refresh script injection.
2022-11-02 19:52:03.3020 INFO Request finished in 519.9751ms 200 text/html;charset=utf-8
2022-11-02 19:52:03.4009 INFO Request starting HTTP/2.0 GET https://localhost:44359/_framework/aspnetcore-browser-refresh.js  
2022-11-02 19:52:03.4075 INFO Request finished in 6.539ms 200 application/javascript; charset=utf-8
2022-11-02 19:52:03.4075 INFO Request starting HTTP/2.0 GET https://localhost:44359/_vs/browserLink  
2022-11-02 19:52:03.4684 INFO Request finished in 54.3145ms 200 text/javascript; charset=UTF-8
2022-11-02 19:52:04.3316 INFO Request starting HTTP/2.0 GET https://localhost:44359/swagger/v1/swagger.json  
2022-11-02 19:52:04.3316 TRACE All hosts are allowed.
2022-11-02 19:52:04.3316 DEBUG No candidates found for the request path '/swagger/v1/swagger.json'
2022-11-02 19:52:04.3316 DEBUG Request did not match any endpoints
2022-11-02 19:52:04.3316 DEBUG AuthenticationScheme: Bearer was not authenticated.
2022-11-02 19:52:04.4611 INFO Request finished in 129.5291ms 200 application/json;charset=utf-8
2022-11-02 19:59:15.7871 DEBUG Hosting starting
2022-11-02 19:59:15.8756 INFO User profile is available. Using 'C:\Users\prati\AppData\Local\ASP.NET\DataProtection-Keys' as key repository and Windows DPAPI to encrypt keys at rest.
2022-11-02 19:59:15.8963 DEBUG Reading data from file 'C:\Users\prati\AppData\Local\ASP.NET\DataProtection-Keys\key-35f23650-eba7-4e2c-85f3-af0f57058658.xml'.
2022-11-02 19:59:15.9108 DEBUG Found key {35f23650-eba7-4e2c-85f3-af0f57058658}.
2022-11-02 19:59:15.9269 DEBUG Considering key {35f23650-eba7-4e2c-85f3-af0f57058658} with expiration date 2023-01-19 06:10:20Z as default key.
2022-11-02 19:59:15.9819 DEBUG Forwarded activator type request from Microsoft.AspNetCore.DataProtection.XmlEncryption.DpapiXmlDecryptor, Microsoft.AspNetCore.DataProtection, Version=3.1.28.0, Culture=neutral, PublicKeyToken=adb9793829ddae60 to Microsoft.AspNetCore.DataProtection.XmlEncryption.DpapiXmlDecryptor, Microsoft.AspNetCore.DataProtection, Culture=neutral, PublicKeyToken=adb9793829ddae60
2022-11-02 19:59:15.9819 DEBUG Decrypting secret element using Windows DPAPI.
2022-11-02 19:59:15.9864 DEBUG Forwarded activator type request from Microsoft.AspNetCore.DataProtection.AuthenticatedEncryption.ConfigurationModel.AuthenticatedEncryptorDescriptorDeserializer, Microsoft.AspNetCore.DataProtection, Version=3.1.28.0, Culture=neutral, PublicKeyToken=adb9793829ddae60 to Microsoft.AspNetCore.DataProtection.AuthenticatedEncryption.ConfigurationModel.AuthenticatedEncryptorDescriptorDeserializer, Microsoft.AspNetCore.DataProtection, Culture=neutral, PublicKeyToken=adb9793829ddae60
2022-11-02 19:59:15.9864 DEBUG Opening CNG algorithm 'AES' from provider '(null)' with chaining mode CBC.
2022-11-02 19:59:15.9864 DEBUG Opening CNG algorithm 'SHA256' from provider '(null)' with HMAC.
2022-11-02 19:59:15.9864 DEBUG Using key {35f23650-eba7-4e2c-85f3-af0f57058658} as the default key.
2022-11-02 19:59:15.9864 DEBUG Key ring with default key {35f23650-eba7-4e2c-85f3-af0f57058658} was loaded during application startup.
2022-11-02 19:59:16.3208 DEBUG Loaded hosting startup assembly FundooNotes
2022-11-02 19:59:16.3208 DEBUG Loaded hosting startup assembly Microsoft.AspNetCore.Watch.BrowserRefresh
2022-11-02 19:59:16.3208 DEBUG Loaded hosting startup assembly Microsoft.WebTools.BrowserLink.Net
2022-11-02 19:59:16.3208 INFO Application started. Press Ctrl+C to shut down.
2022-11-02 19:59:16.3208 INFO Hosting environment: Development
2022-11-02 19:59:16.3208 INFO Content root path: D:\pratik\FundooNotes
2022-11-02 19:59:16.3208 DEBUG Hosting started
2022-11-02 19:59:16.3677 INFO Request starting HTTP/2.0 GET https://localhost:44359/Swagger/index.html  
2022-11-02 19:59:16.3987 DEBUG Wildcard detected, all requests with hosts will be allowed.
2022-11-02 19:59:16.3987 TRACE All hosts are allowed.
2022-11-02 19:59:16.4182 DEBUG No candidates found for the request path '/Swagger/index.html'
2022-11-02 19:59:16.4182 DEBUG Request did not match any endpoints
2022-11-02 19:59:16.5070 DEBUG AuthenticationScheme: Bearer was not authenticated.
2022-11-02 19:59:16.5545 DEBUG Response markup is scheduled to include browser refresh script injection.
2022-11-02 19:59:16.6904 DEBUG Response markup was updated to include browser refresh script injection.
2022-11-02 19:59:16.6904 INFO Request finished in 327.8321ms 200 text/html;charset=utf-8
2022-11-02 19:59:16.7118 INFO Request starting HTTP/2.0 GET https://localhost:44359/_framework/aspnetcore-browser-refresh.js  
2022-11-02 19:59:16.7232 INFO Request finished in 11.4188ms 200 application/javascript; charset=utf-8
2022-11-02 19:59:16.7535 INFO Request starting HTTP/2.0 GET https://localhost:44359/_vs/browserLink  
2022-11-02 19:59:16.7849 INFO Request finished in 31.4635ms 200 text/javascript; charset=UTF-8
2022-11-02 19:59:17.1080 INFO Request starting HTTP/2.0 GET https://localhost:44359/swagger/v1/swagger.json  
2022-11-02 19:59:17.1080 TRACE All hosts are allowed.
2022-11-02 19:59:17.1104 DEBUG No candidates found for the request path '/swagger/v1/swagger.json'
2022-11-02 19:59:17.1104 DEBUG Request did not match any endpoints
2022-11-02 19:59:17.1104 DEBUG AuthenticationScheme: Bearer was not authenticated.
2022-11-02 19:59:17.2775 INFO Request finished in 169.5997ms 200 application/json;charset=utf-8
2022-11-02 20:16:55.6676 DEBUG Hosting starting
2022-11-02 20:16:55.7536 INFO User profile is available. Using 'C:\Users\prati\AppData\Local\ASP.NET\DataProtection-Keys' as key repository and Windows DPAPI to encrypt keys at rest.
2022-11-02 20:16:55.7699 DEBUG Reading data from file 'C:\Users\prati\AppData\Local\ASP.NET\DataProtection-Keys\key-35f23650-eba7-4e2c-85f3-af0f57058658.xml'.
2022-11-02 20:16:55.7854 DEBUG Found key {35f23650-eba7-4e2c-85f3-af0f57058658}.
2022-11-02 20:16:55.7980 DEBUG Considering key {35f23650-eba7-4e2c-85f3-af0f57058658} with expiration date 2023-01-19 06:10:20Z as default key.
2022-11-02 20:16:55.8418 DEBUG Forwarded activator type request from Microsoft.AspNetCore.DataProtection.XmlEncryption.DpapiXmlDecryptor, Microsoft.AspNetCore.DataProtection, Version=3.1.28.0, Culture=neutral, PublicKeyToken=adb9793829ddae60 to Microsoft.AspNetCore.DataProtection.XmlEncryption.DpapiXmlDecryptor, Microsoft.AspNetCore.DataProtection, Culture=neutral, PublicKeyToken=adb9793829ddae60
2022-11-02 20:16:55.8418 DEBUG Decrypting secret element using Windows DPAPI.
2022-11-02 20:16:55.8450 DEBUG Forwarded activator type request from Microsoft.AspNetCore.DataProtection.AuthenticatedEncryption.ConfigurationModel.AuthenticatedEncryptorDescriptorDeserializer, Microsoft.AspNetCore.DataProtection, Version=3.1.28.0, Culture=neutral, PublicKeyToken=adb9793829ddae60 to Microsoft.AspNetCore.DataProtection.AuthenticatedEncryption.ConfigurationModel.AuthenticatedEncryptorDescriptorDeserializer, Microsoft.AspNetCore.DataProtection, Culture=neutral, PublicKeyToken=adb9793829ddae60
2022-11-02 20:16:55.8450 DEBUG Opening CNG algorithm 'AES' from provider '(null)' with chaining mode CBC.
2022-11-02 20:16:55.8450 DEBUG Opening CNG algorithm 'SHA256' from provider '(null)' with HMAC.
2022-11-02 20:16:55.8450 DEBUG Using key {35f23650-eba7-4e2c-85f3-af0f57058658} as the default key.
2022-11-02 20:16:55.8450 DEBUG Key ring with default key {35f23650-eba7-4e2c-85f3-af0f57058658} was loaded during application startup.
2022-11-02 20:16:56.1326 DEBUG Loaded hosting startup assembly FundooNotes
2022-11-02 20:16:56.1326 DEBUG Loaded hosting startup assembly Microsoft.AspNetCore.Watch.BrowserRefresh
2022-11-02 20:16:56.1326 DEBUG Loaded hosting startup assembly Microsoft.WebTools.BrowserLink.Net
2022-11-02 20:16:56.1326 INFO Application started. Press Ctrl+C to shut down.
2022-11-02 20:16:56.1326 INFO Hosting environment: Development
2022-11-02 20:16:56.1326 INFO Content root path: D:\pratik\FundooNotes
2022-11-02 20:16:56.1326 DEBUG Hosting started
2022-11-02 20:16:56.1820 INFO Request starting HTTP/2.0 GET https://localhost:44359/Swagger/index.html  
2022-11-02 20:16:56.2083 DEBUG Wildcard detected, all requests with hosts will be allowed.
2022-11-02 20:16:56.2083 TRACE All hosts are allowed.
2022-11-02 20:16:56.2348 DEBUG No candidates found for the request path '/Swagger/index.html'
2022-11-02 20:16:56.2351 DEBUG Request did not match any endpoints
2022-11-02 20:16:56.3362 DEBUG AuthenticationScheme: Bearer was not authenticated.
2022-11-02 20:16:56.3804 DEBUG Response markup is scheduled to include browser refresh script injection.
2022-11-02 20:16:56.5043 DEBUG Response markup was updated to include browser refresh script injection.
2022-11-02 20:16:56.5043 INFO Request finished in 325.8152ms 200 text/html;charset=utf-8
2022-11-02 20:16:56.5325 INFO Request starting HTTP/2.0 GET https://localhost:44359/_framework/aspnetcore-browser-refresh.js  
2022-11-02 20:16:56.5325 INFO Request finished in 3.4255ms 200 application/javascript; charset=utf-8
2022-11-02 20:16:56.5560 INFO Request starting HTTP/2.0 GET https://localhost:44359/_vs/browserLink  
2022-11-02 20:16:56.5839 INFO Request finished in 27.8423ms 200 text/javascript; charset=UTF-8
2022-11-02 20:16:56.8024 INFO Request starting HTTP/2.0 GET https://localhost:44359/swagger/v1/swagger.json  
2022-11-02 20:16:56.8024 TRACE All hosts are allowed.
2022-11-02 20:16:56.8024 DEBUG No candidates found for the request path '/swagger/v1/swagger.json'
2022-11-02 20:16:56.8024 DEBUG Request did not match any endpoints
2022-11-02 20:16:56.8024 DEBUG AuthenticationScheme: Bearer was not authenticated.
2022-11-02 20:16:56.9730 INFO Request finished in 170.7103ms 200 application/json;charset=utf-8
2022-11-02 20:17:27.4042 INFO Request starting HTTP/2.0 POST https://localhost:44359/api/Users/Register application/json 91
2022-11-02 20:17:27.4042 TRACE All hosts are allowed.
2022-11-02 20:17:27.4181 DEBUG 1 candidate(s) found for the request path '/api/Users/Register'
2022-11-02 20:17:27.4181 DEBUG Endpoint 'FundooNotes.Controllers.UsersController.AddUser (FundooNotes)' with route pattern 'api/Users/Register' is valid for the request path '/api/Users/Register'
2022-11-02 20:17:27.4181 DEBUG Request matched endpoint 'FundooNotes.Controllers.UsersController.AddUser (FundooNotes)'
2022-11-02 20:17:27.4237 DEBUG AuthenticationScheme: Bearer was not authenticated.
2022-11-02 20:17:27.4237 DEBUG Static files was skipped as the request already matched an endpoint.
2022-11-02 20:17:27.4237 INFO Executing endpoint 'FundooNotes.Controllers.UsersController.AddUser (FundooNotes)'
2022-11-02 20:17:27.4237 DEBUG Registered model binder providers, in the following order: Microsoft.AspNetCore.Mvc.ModelBinding.Binders.BinderTypeModelBinderProvider, Microsoft.AspNetCore.Mvc.ModelBinding.Binders.ServicesModelBinderProvider, Microsoft.AspNetCore.Mvc.ModelBinding.Binders.BodyModelBinderProvider, Microsoft.AspNetCore.Mvc.ModelBinding.Binders.HeaderModelBinderProvider, Microsoft.AspNetCore.Mvc.ModelBinding.Binders.FloatingPointTypeModelBinderProvider, Microsoft.AspNetCore.Mvc.ModelBinding.Binders.EnumTypeModelBinderProvider, Microsoft.AspNetCore.Mvc.ModelBinding.Binders.SimpleTypeModelBinderProvider, Microsoft.AspNetCore.Mvc.ModelBinding.Binders.CancellationTokenModelBinderProvider, Microsoft.AspNetCore.Mvc.ModelBinding.Binders.ByteArrayModelBinderProvider, Microsoft.AspNetCore.Mvc.ModelBinding.Binders.FormFileModelBinderProvider, Microsoft.AspNetCore.Mvc.ModelBinding.Binders.FormCollectionModelBinderProvider, Microsoft.AspNetCore.Mvc.ModelBinding.Binders.KeyValuePairModelBinderProvider, Microsoft.AspNetCore.Mvc.ModelBinding.Binders.DictionaryModelBinderProvider, Microsoft.AspNetCore.Mvc.ModelBinding.Binders.ArrayModelBinderProvider, Microsoft.AspNetCore.Mvc.ModelBinding.Binders.CollectionModelBinderProvider, Microsoft.AspNetCore.Mvc.ModelBinding.Binders.ComplexTypeModelBinderProvider
2022-11-02 20:17:27.4556 INFO Route matched with {action = "AddUser", controller = "Users"}. Executing controller action with signature Microsoft.AspNetCore.Mvc.IActionResult AddUser(CommonLayer.Models.UserRegistration) on controller FundooNotes.Controllers.UsersController (FundooNotes).
2022-11-02 20:17:27.4556 DEBUG Execution plan of authorization filters (in the following order): None
2022-11-02 20:17:27.4556 DEBUG Execution plan of resource filters (in the following order): None
2022-11-02 20:17:27.4556 DEBUG Execution plan of action filters (in the following order): Microsoft.AspNetCore.Mvc.ModelBinding.UnsupportedContentTypeFilter (Order: -3000), Microsoft.AspNetCore.Mvc.Infrastructure.ModelStateInvalidFilter (Order: -2000)
2022-11-02 20:17:27.4556 DEBUG Execution plan of exception filters (in the following order): None
2022-11-02 20:17:27.4556 DEBUG Execution plan of result filters (in the following order): Microsoft.AspNetCore.Mvc.Infrastructure.ClientErrorResultFilter (Order: -2000)
2022-11-02 20:17:27.4556 DEBUG Executing controller factory for controller FundooNotes.Controllers.UsersController (FundooNotes)
2022-11-02 20:17:27.6230 DEBUG An 'IServiceProvider' was created for internal use by Entity Framework.
2022-11-02 20:17:27.6446 DEBUG Executed controller factory for controller FundooNotes.Controllers.UsersController (FundooNotes)
2022-11-02 20:17:27.6446 DEBUG Attempting to bind parameter 'userRegistration' of type 'CommonLayer.Models.UserRegistration' ...
2022-11-02 20:17:27.6446 DEBUG Attempting to bind parameter 'userRegistration' of type 'CommonLayer.Models.UserRegistration' using the name '' in request data ...
2022-11-02 20:17:27.6446 DEBUG Selected input formatter 'Microsoft.AspNetCore.Mvc.Formatters.SystemTextJsonInputFormatter' for content type 'application/json'.
2022-11-02 20:17:27.6629 DEBUG JSON input formatter succeeded, deserializing to type 'CommonLayer.Models.UserRegistration'
2022-11-02 20:17:27.6629 DEBUG Done attempting to bind parameter 'userRegistration' of type 'CommonLayer.Models.UserRegistration'.
2022-11-02 20:17:27.6629 DEBUG Done attempting to bind parameter 'userRegistration' of type 'CommonLayer.Models.UserRegistration'.
2022-11-02 20:17:27.6629 DEBUG Attempting to validate the bound parameter 'userRegistration' of type 'CommonLayer.Models.UserRegistration' ...
2022-11-02 20:17:27.6629 DEBUG Done attempting to validate the bound parameter 'userRegistration' of type 'CommonLayer.Models.UserRegistration'.
2022-11-02 20:17:27.6629 TRACE Action Filter: Before executing OnActionExecuting on filter Microsoft.AspNetCore.Mvc.ModelBinding.UnsupportedContentTypeFilter.
2022-11-02 20:17:27.6629 TRACE Action Filter: After executing OnActionExecuting on filter Microsoft.AspNetCore.Mvc.ModelBinding.UnsupportedContentTypeFilter.
2022-11-02 20:17:27.6629 TRACE Action Filter: Before executing OnActionExecuting on filter Microsoft.AspNetCore.Mvc.Infrastructure.ModelStateInvalidFilter.
2022-11-02 20:17:27.6629 TRACE Action Filter: After executing OnActionExecuting on filter Microsoft.AspNetCore.Mvc.Infrastructure.ModelStateInvalidFilter.
2022-11-02 20:17:27.6629 INFO Executing action method FundooNotes.Controllers.UsersController.AddUser (FundooNotes) - Validation state: Valid
2022-11-02 20:17:27.6629 TRACE Executing action method FundooNotes.Controllers.UsersController.AddUser (FundooNotes) with arguments (CommonLayer.Models.UserRegistration)
2022-11-02 20:17:28.1009 INFO Entity Framework Core 3.1.0 initialized 'UserContext' using provider 'Microsoft.EntityFrameworkCore.SqlServer' with options: None
2022-11-02 20:17:28.1363 DEBUG 'UserContext' generated a temporary value for the 'UserId' property of new 'UserEntity' entity. Consider using 'DbContextOptionsBuilder.EnableSensitiveDataLogging' to see key values.
2022-11-02 20:17:28.1878 DEBUG Context 'UserContext' started tracking 'UserEntity' entity. Consider using 'DbContextOptionsBuilder.EnableSensitiveDataLogging' to see key values.
2022-11-02 20:17:28.1894 DEBUG SaveChanges starting for 'UserContext'.
2022-11-02 20:17:28.1894 DEBUG DetectChanges starting for 'UserContext'.
2022-11-02 20:17:28.1894 DEBUG DetectChanges completed for 'UserContext'.
2022-11-02 20:17:28.3348 DEBUG Opening connection to database 'FundooNotes' on server 'LAPTOP-6JI8E5DE\SQLEXPRESS'.
2022-11-02 20:17:29.6037 DEBUG Opened connection to database 'FundooNotes' on server 'LAPTOP-6JI8E5DE\SQLEXPRESS'.
2022-11-02 20:17:29.6037 DEBUG Beginning transaction with isolation level 'Unspecified'.
2022-11-02 20:17:29.6157 DEBUG Began transaction with isolation level 'ReadCommitted'.
2022-11-02 20:17:29.6526 DEBUG Creating DbCommand for 'ExecuteReader'.
2022-11-02 20:17:29.6526 DEBUG Created DbCommand for 'ExecuteReader' (2ms).
2022-11-02 20:17:29.6720 DEBUG Executing DbCommand [Parameters=[@p0='?' (Size = 4000), @p1='?' (Size = 4000), @p2='?' (Size = 4000), @p3='?' (Size = 4000)], CommandType='Text', CommandTimeout='30']
SET NOCOUNT ON;
INSERT INTO [Users] ([Email], [FirstName], [LastName], [Password])
VALUES (@p0, @p1, @p2, @p3);
SELECT [UserId]
FROM [Users]
WHERE @@ROWCOUNT = 1 AND [UserId] = scope_identity();
2022-11-02 20:17:29.8126 INFO Executed DbCommand (146ms) [Parameters=[@p0='?' (Size = 4000), @p1='?' (Size = 4000), @p2='?' (Size = 4000), @p3='?' (Size = 4000)], CommandType='Text', CommandTimeout='30']
SET NOCOUNT ON;
INSERT INTO [Users] ([Email], [FirstName], [LastName], [Password])
VALUES (@p0, @p1, @p2, @p3);
SELECT [UserId]
FROM [Users]
WHERE @@ROWCOUNT = 1 AND [UserId] = scope_identity();
2022-11-02 20:17:29.8305 DEBUG Foreign key property 'UserEntity.UserId' detected as changed. Consider using 'DbContextOptionsBuilder.EnableSensitiveDataLogging' to see property values.
2022-11-02 20:17:29.8305 DEBUG A data reader was disposed.
2022-11-02 20:17:29.8305 DEBUG Committing transaction.
2022-11-02 20:17:29.8305 DEBUG Committing transaction.
2022-11-02 20:17:29.8449 DEBUG Closing connection to database 'FundooNotes' on server 'LAPTOP-6JI8E5DE\SQLEXPRESS'.
2022-11-02 20:17:29.8449 DEBUG Closed connection to database 'FundooNotes' on server 'LAPTOP-6JI8E5DE\SQLEXPRESS'.
2022-11-02 20:17:29.8449 DEBUG Disposing transaction.
2022-11-02 20:17:29.8449 DEBUG An 'UserEntity' entity tracked by 'UserContext' changed from 'Added' to 'Unchanged'. Consider using 'DbContextOptionsBuilder.EnableSensitiveDataLogging' to see key values.
2022-11-02 20:17:29.8449 DEBUG SaveChanges completed for 'UserContext' with 1 entities written to the database.
2022-11-02 20:17:29.8449 INFO Registration is sucess
2022-11-02 20:17:29.8609 INFO Executed action method FundooNotes.Controllers.UsersController.AddUser (FundooNotes), returned result Microsoft.AspNetCore.Mvc.OkObjectResult in 2186.0043ms.
2022-11-02 20:17:29.8609 TRACE Action Filter: Before executing OnActionExecuted on filter Microsoft.AspNetCore.Mvc.Infrastructure.ModelStateInvalidFilter.
2022-11-02 20:17:29.8609 TRACE Action Filter: After executing OnActionExecuted on filter Microsoft.AspNetCore.Mvc.Infrastructure.ModelStateInvalidFilter.
2022-11-02 20:17:29.8609 TRACE Action Filter: Before executing OnActionExecuted on filter Microsoft.AspNetCore.Mvc.ModelBinding.UnsupportedContentTypeFilter.
2022-11-02 20:17:29.8609 TRACE Action Filter: After executing OnActionExecuted on filter Microsoft.AspNetCore.Mvc.ModelBinding.UnsupportedContentTypeFilter.
2022-11-02 20:17:29.8609 TRACE Result Filter: Before executing OnResultExecuting on filter Microsoft.AspNetCore.Mvc.Infrastructure.ClientErrorResultFilter.
2022-11-02 20:17:29.8609 TRACE Result Filter: After executing OnResultExecuting on filter Microsoft.AspNetCore.Mvc.Infrastructure.ClientErrorResultFilter.
2022-11-02 20:17:29.8609 TRACE Before executing action result Microsoft.AspNetCore.Mvc.OkObjectResult.
2022-11-02 20:17:29.8609 DEBUG List of registered output formatters, in the following order: Microsoft.AspNetCore.Mvc.Formatters.HttpNoContentOutputFormatter, Microsoft.AspNetCore.Mvc.Formatters.StringOutputFormatter, Microsoft.AspNetCore.Mvc.Formatters.StreamOutputFormatter, Microsoft.AspNetCore.Mvc.Formatters.SystemTextJsonOutputFormatter
2022-11-02 20:17:29.8609 DEBUG No information found on request to perform content negotiation.
2022-11-02 20:17:29.8609 DEBUG Attempting to select an output formatter without using a content type as no explicit content types were specified for the response.
2022-11-02 20:17:29.8609 DEBUG Attempting to select the first formatter in the output formatters list which can write the result.
2022-11-02 20:17:29.8609 DEBUG Selected output formatter 'Microsoft.AspNetCore.Mvc.Formatters.SystemTextJsonOutputFormatter' and content type 'application/json' to write the response.
2022-11-02 20:17:29.8609 INFO Executing ObjectResult, writing value of type '<>f__AnonymousType0`3[[System.Boolean, System.Private.CoreLib, Version=4.0.0.0, Culture=neutral, PublicKeyToken=7cec85d7bea7798e],[System.String, System.Private.CoreLib, Version=4.0.0.0, Culture=neutral, PublicKeyToken=7cec85d7bea7798e],[RepositoryLayer.Entity.UserEntity, RepositoryLayer, Version=1.0.0.0, Culture=neutral, PublicKeyToken=null]]'.
2022-11-02 20:17:29.8754 TRACE After executing action result Microsoft.AspNetCore.Mvc.OkObjectResult.
2022-11-02 20:17:29.8754 TRACE Result Filter: Before executing OnResultExecuted on filter Microsoft.AspNetCore.Mvc.Infrastructure.ClientErrorResultFilter.
2022-11-02 20:17:29.8754 TRACE Result Filter: After executing OnResultExecuted on filter Microsoft.AspNetCore.Mvc.Infrastructure.ClientErrorResultFilter.
2022-11-02 20:17:29.8754 INFO Executed action FundooNotes.Controllers.UsersController.AddUser (FundooNotes) in 2419.5631ms
2022-11-02 20:17:29.8754 INFO Executed endpoint 'FundooNotes.Controllers.UsersController.AddUser (FundooNotes)'
2022-11-02 20:17:29.8754 DEBUG 'UserContext' disposed.
2022-11-02 20:17:29.8754 INFO Request finished in 2481.7595ms 200 application/json; charset=utf-8
